[01/04/2026 17:46:35] [INFO    ] 
======================================================================
[01/04/2026 17:46:35] [INFO    ] INICIANDO SISTEMA COMPLETO DE MONITORAMENTO
[01/04/2026 17:46:35] [INFO    ] ======================================================================
[01/04/2026 17:46:35] [INFO    ] Timestamp: 2026-04-01T17:46:35.624108
[01/04/2026 17:46:35] [INFO    ] 
[1/4] Executando scraping completo de todas as fontes...
[01/04/2026 17:51:17] [INFO    ]      Diário Oficial: 297 licitações
[01/04/2026 17:51:17] [INFO    ]      PNCP: 100 licitações
[01/04/2026 17:51:17] [INFO    ]      Portal de Compras: 100 licitações
[01/04/2026 17:51:17] [INFO    ] 
[2/4] Marcando licitações novas...
[01/04/2026 17:51:17] [INFO    ]      Novas licitações: Diário=297, PNCP=100, Portal=100
[01/04/2026 17:51:17] [INFO    ] 
[3/4] Salvando resultados por fonte...
[01/04/2026 17:51:17] [INFO    ]      OK Resultados salvos em arquivos JSON
[01/04/2026 17:51:17] [INFO    ] 
[4/4] Atualizando históricos locais...
[01/04/2026 17:51:17] [INFO    ]      OK Históricos atualizados (497 novas no total)
[01/04/2026 17:51:17] [INFO    ] 
[5/5] Sincronizando com servidor FTP...
[01/04/2026 17:51:20] [INFO    ] FTP Upload OK → cp11.ams1.ultacp.com/public_html/licitacoes/resultados_diario.json
[01/04/2026 17:51:24] [INFO    ] FTP Upload OK → cp11.ams1.ultacp.com/public_html/licitacoes/resultados_pncp.json
[01/04/2026 17:51:27] [INFO    ] FTP Upload OK → cp11.ams1.ultacp.com/public_html/licitacoes/resultados_pdcp.json
[01/04/2026 17:51:30] [INFO    ] FTP Upload OK → cp11.ams1.ultacp.com/public_html/licitacoes/resultados_web.json
[01/04/2026 17:51:30] [INFO    ]      OK Sincronização FTP concluída
[01/04/2026 17:51:30] [INFO    ] 
[6/6] Gerando relatório final...
[01/04/2026 17:51:30] [INFO    ] ======================================================================
[01/04/2026 17:51:30] [INFO    ] RELATÓRIO DE EXECUÇÃO - SISTEMA COMPLETO
[01/04/2026 17:51:30] [INFO    ] ======================================================================
[01/04/2026 17:51:30] [INFO    ] Data/Hora: 01/04/2026 17:51:30
[01/04/2026 17:51:30] [INFO    ] 
CAPTURA POR FONTE:
[01/04/2026 17:51:30] [INFO    ]   Diário Oficial: 297 nova(s) de 297 capturadas
[01/04/2026 17:51:30] [INFO    ]   PNCP: 100 nova(s) de 100 capturadas
[01/04/2026 17:51:30] [INFO    ]   Portal de Compras: 100 nova(s) de 100 capturadas
[01/04/2026 17:51:30] [INFO    ] 
ARQUIVOS GERADOS:
[01/04/2026 17:51:30] [INFO    ]   Diário Oficial: 297 nova(s) | total: 297 | resultados_diario.json
[01/04/2026 17:51:30] [INFO    ]   PNCP: 100 nova(s) | total: 100 | resultados_pncp.json
[01/04/2026 17:51:30] [INFO    ]   Portal de Compras: 100 nova(s) | total: 100 | resultados_pdcp.json
[01/04/2026 17:51:30] [INFO    ]   Unificado: 497 nova(s) | total: 497 | resultados_web.json
[01/04/2026 17:51:30] [INFO    ] 
======================================================================
[01/04/2026 17:51:30] [INFO    ] 
======================================================================
[01/04/2026 17:51:30] [INFO    ] SISTEMA COMPLETO CONCLUÍDO COM SUCESSO
[01/04/2026 17:51:30] [INFO    ] ======================================================================

[01/04/2026 18:28:46] [INFO    ] 
======================================================================
[01/04/2026 18:28:46] [INFO    ] INICIANDO SISTEMA COMPLETO DE MONITORAMENTO
[01/04/2026 18:28:46] [INFO    ] ======================================================================
[01/04/2026 18:28:46] [INFO    ] Timestamp: 2026-04-01T18:28:46.863359
[01/04/2026 18:28:46] [INFO    ] 
[1/4] Executando scraping completo de todas as fontes...
[01/04/2026 18:33:51] [INFO    ]      Diário Oficial: 297 licitações
[01/04/2026 18:33:51] [INFO    ]      PNCP: 100 licitações
[01/04/2026 18:33:51] [INFO    ]      Portal de Compras: 100 licitações
[01/04/2026 18:33:51] [INFO    ] 
[2/4] Marcando licitações novas...
[01/04/2026 18:33:51] [INFO    ]      Novas licitações: Diário=0, PNCP=0, Portal=0
[01/04/2026 18:33:51] [INFO    ] 
[3/4] Salvando resultados por fonte...
[01/04/2026 18:33:51] [INFO    ]      OK Resultados salvos em arquivos JSON
[01/04/2026 18:33:51] [INFO    ] 
[4/4] Atualizando históricos locais...
[01/04/2026 18:33:51] [INFO    ]      OK Históricos atualizados (0 novas no total)
[01/04/2026 18:33:51] [INFO    ] 
[5/5] Sincronizando com servidor FTP...
[01/04/2026 18:33:54] [INFO    ] FTP Upload OK → cp11.ams1.ultacp.com/public_html/licitacoes/resultados_diario.json
[01/04/2026 18:33:57] [INFO    ] FTP Upload OK → cp11.ams1.ultacp.com/public_html/licitacoes/resultados_pncp.json
[01/04/2026 18:34:01] [INFO    ] FTP Upload OK → cp11.ams1.ultacp.com/public_html/licitacoes/resultados_pdcp.json
[01/04/2026 18:34:04] [INFO    ] FTP Upload OK → cp11.ams1.ultacp.com/public_html/licitacoes/resultados_web.json
[01/04/2026 18:34:04] [INFO    ]      OK Sincronização FTP concluída
[01/04/2026 18:34:04] [INFO    ] 
[6/6] Gerando relatório final...
[01/04/2026 18:34:04] [INFO    ] ======================================================================
[01/04/2026 18:34:04] [INFO    ] RELATÓRIO DE EXECUÇÃO - SISTEMA COMPLETO
[01/04/2026 18:34:04] [INFO    ] ======================================================================
[01/04/2026 18:34:04] [INFO    ] Data/Hora: 01/04/2026 18:34:04
[01/04/2026 18:34:04] [INFO    ] 
CAPTURA POR FONTE:
[01/04/2026 18:34:04] [INFO    ]   Diário Oficial: 0 nova(s) de 297 capturadas
[01/04/2026 18:34:04] [INFO    ]   PNCP: 0 nova(s) de 100 capturadas
[01/04/2026 18:34:04] [INFO    ]   Portal de Compras: 0 nova(s) de 100 capturadas
[01/04/2026 18:34:04] [INFO    ] 
ARQUIVOS GERADOS:
[01/04/2026 18:34:04] [INFO    ]   Diário Oficial: 297 nova(s) | total: 297 | resultados_diario.json
[01/04/2026 18:34:04] [INFO    ]   PNCP: 100 nova(s) | total: 100 | resultados_pncp.json
[01/04/2026 18:34:04] [INFO    ]   Portal de Compras: 100 nova(s) | total: 100 | resultados_pdcp.json
[01/04/2026 18:34:04] [INFO    ]   Unificado: 497 nova(s) | total: 497 | resultados_web.json
[01/04/2026 18:34:04] [INFO    ] 
======================================================================
[01/04/2026 18:34:04] [INFO    ] 
======================================================================
[01/04/2026 18:34:04] [INFO    ] SISTEMA COMPLETO CONCLUÍDO COM SUCESSO
[01/04/2026 18:34:04] [INFO    ] ======================================================================

[06/04/2026 06:56:59] [INFO    ] 
======================================================================
[06/04/2026 06:56:59] [INFO    ] INICIANDO SISTEMA COMPLETO DE MONITORAMENTO
[06/04/2026 06:56:59] [INFO    ] ======================================================================
[06/04/2026 06:56:59] [INFO    ] Timestamp: 2026-04-06T06:56:59.484523
[06/04/2026 06:56:59] [INFO    ] 
[1/4] Executando scraping completo de todas as fontes...
[06/04/2026 07:01:41] [INFO    ]      Diário Oficial: 294 licitações
[06/04/2026 07:01:41] [INFO    ]      PNCP: 100 licitações
[06/04/2026 07:01:41] [INFO    ]      Portal de Compras: 100 licitações
[06/04/2026 07:01:41] [INFO    ] 
[2/4] Marcando licitações novas...
[06/04/2026 07:01:41] [INFO    ]      Novas licitações: Diário=294, PNCP=100, Portal=100
[06/04/2026 07:01:41] [INFO    ] 
[3/4] Salvando resultados por fonte...
[06/04/2026 07:01:41] [INFO    ]      OK Resultados salvos em arquivos JSON
[06/04/2026 07:01:41] [INFO    ] 
[4/4] Atualizando históricos locais...
[06/04/2026 07:01:41] [INFO    ]      OK Históricos atualizados (494 novas no total)
[06/04/2026 07:01:41] [INFO    ] 
[5/5] Sincronizando com servidor FTP...
[06/04/2026 07:01:44] [INFO    ] FTP Upload OK → cp11.ams1.ultacp.com/public_html/licitacoes/resultados_diario.json
[06/04/2026 07:01:48] [INFO    ] FTP Upload OK → cp11.ams1.ultacp.com/public_html/licitacoes/resultados_pncp.json
[06/04/2026 07:01:51] [INFO    ] FTP Upload OK → cp11.ams1.ultacp.com/public_html/licitacoes/resultados_pdcp.json
[06/04/2026 07:01:54] [INFO    ] FTP Upload OK → cp11.ams1.ultacp.com/public_html/licitacoes/resultados_web.json
[06/04/2026 07:01:54] [INFO    ]      OK Sincronização FTP concluída
[06/04/2026 07:01:54] [INFO    ] 
[6/6] Gerando relatório final...
[06/04/2026 07:01:54] [INFO    ] ======================================================================
[06/04/2026 07:01:54] [INFO    ] RELATÓRIO DE EXECUÇÃO - SISTEMA COMPLETO
[06/04/2026 07:01:54] [INFO    ] ======================================================================
[06/04/2026 07:01:54] [INFO    ] Data/Hora: 06/04/2026 07:01:54
[06/04/2026 07:01:54] [INFO    ] 
CAPTURA POR FONTE:
[06/04/2026 07:01:54] [INFO    ]   Diário Oficial: 294 nova(s) de 294 capturadas
[06/04/2026 07:01:54] [INFO    ]   PNCP: 100 nova(s) de 100 capturadas
[06/04/2026 07:01:54] [INFO    ]   Portal de Compras: 100 nova(s) de 100 capturadas
[06/04/2026 07:01:54] [INFO    ] 
ARQUIVOS GERADOS:
[06/04/2026 07:01:54] [INFO    ]   Diário Oficial: 294 nova(s) | total: 294 | resultados_diario.json
[06/04/2026 07:01:54] [INFO    ]   PNCP: 100 nova(s) | total: 100 | resultados_pncp.json
[06/04/2026 07:01:54] [INFO    ]   Portal de Compras: 100 nova(s) | total: 100 | resultados_pdcp.json
[06/04/2026 07:01:54] [INFO    ]   Unificado: 494 nova(s) | total: 494 | resultados_web.json
[06/04/2026 07:01:54] [INFO    ] 
======================================================================
[06/04/2026 07:01:54] [INFO    ] 
======================================================================
[06/04/2026 07:01:54] [INFO    ] SISTEMA COMPLETO CONCLUÍDO COM SUCESSO
[06/04/2026 07:01:54] [INFO    ] ======================================================================

